<?xml version="1.0" encoding="UTF-8"?>
<!-- Generated by org.testng.reporters.JUnitReportReporter -->
<testsuite skipped="0" hostname="TH1716" name="test_one.Example2" tests="1" failures="0" timestamp="16 Nov 2018 09:01:27 GMT" time="44.731" errors="0">
  <testcase name="test3" time="44.731" classname="test_one.Example2"/>
</testsuite> <!-- test_one.Example2 -->
