<?xml version="1.0" encoding="UTF-8"?>
<!-- Generated by org.testng.reporters.JUnitReportReporter -->
<testsuite skipped="2" hostname="TH1716" name="test_one.Example1" tests="4" failures="0" timestamp="19 Nov 2018 07:44:15 GMT" time="70.720" errors="0">
  <testcase name="test1" time="34.362" classname="test_one.Example1"/>
  <testcase name="test1" time="36.358" classname="test_one.Example1"/>
  <testcase name="test2" classname="test_one.Example1">
    <skipped/>
  </testcase> <!-- test2 -->
  <testcase name="test2" classname="test_one.Example1">
    <skipped/>
  </testcase> <!-- test2 -->
</testsuite> <!-- test_one.Example1 -->
