<?xml version="1.0" encoding="UTF-8"?>
<!-- Generated by org.testng.reporters.JUnitReportReporter -->
<testsuite skipped="1" hostname="TH1716" name="test_one.Example1" tests="2" failures="0" timestamp="16 Nov 2018 09:01:27 GMT" time="36.776" errors="0">
  <testcase name="test1" time="36.776" classname="test_one.Example1"/>
  <testcase name="test2" classname="test_one.Example1">
    <skipped/>
  </testcase> <!-- test2 -->
</testsuite> <!-- test_one.Example1 -->
